0 info it worked if it ends with ok
1 verbose cli [ 'c:\\Program Files\\nodejs\\node.exe',
1 verbose cli   'c:\\Program Files\\nodejs\\node_modules\\npm\\bin\\npm-cli.js',
1 verbose cli   'run',
1 verbose cli   'test' ]
2 info using npm@4.1.2
3 info using node@v7.7.3
4 verbose run-script [ 'pretest', 'test', 'posttest' ]
5 info lifecycle protractor-cucumber-gherkin@1.0.0~pretest: protractor-cucumber-gherkin@1.0.0
6 silly lifecycle protractor-cucumber-gherkin@1.0.0~pretest: no script for pretest, continuing
7 info lifecycle protractor-cucumber-gherkin@1.0.0~test: protractor-cucumber-gherkin@1.0.0
8 verbose lifecycle protractor-cucumber-gherkin@1.0.0~test: unsafe-perm in lifecycle true
9 verbose lifecycle protractor-cucumber-gherkin@1.0.0~test: PATH: c:\Program Files\nodejs\node_modules\npm\bin\node-gyp-bin;d:\ProtractorCucumberDemo\node_modules\.bin;c:\Users\dvillar\bin;.;C:\Program Files (x86)\Git\local\bin;C:\Program Files (x86)\Git\mingw\bin;C:\Program Files (x86)\Git\bin;C:\Program Files (x86)\Git\bin;c:\Program Files\Docker\Docker\Resources\bin;c:\Python27\;c:\Python27\Scripts;c:\ProgramData\Oracle\Java\javapath;c:\Program Files (x86)\Intel\iCLS Client\;c:\Program Files\Intel\iCLS Client\;c:\WINDOWS\system32;c:\WINDOWS;c:\WINDOWS\System32\Wbem;c:\WINDOWS\System32\WindowsPowerShell\v1.0\;c:\Program Files\Intel\Intel(R) Management Engine Components\DAL;c:\Program Files\Intel\Intel(R) Management Engine Components\IPT;c:\Program Files (x86)\Intel\Intel(R) Management Engine Components\DAL;c:\Program Files (x86)\Intel\Intel(R) Management Engine Components\IPT;c:\Program Files (x86)\Windows Live\Shared;c:\Program Files\TortoiseGit\bin;c:\apache-maven-3.3.9\bin;c:\Users\dvillar\AppData\Roaming\npm;c:\adb;c:\Program Files\dotnet\;c:\gradle-3.3-bin\gradle-3.3\bin;c:\php;c:\ProgramData\ComposerSetup\bin;c:\Program Files (x86)\PICT\;c:\Program Files\nodejs\;c:\WINDOWS\system32;c:\WINDOWS;c:\WINDOWS\System32\Wbem;c:\WINDOWS\System32\WindowsPowerShell\v1.0\;c:\Program Files (x86)\Skype\Phone\;c:\Users\dvillar\AppData\Roaming\Composer\vendor\bin;c:\Users\dvillar\AppData\Roaming\npm;c:\Users\dvillar\AppData\Local\Microsoft\WindowsApps;c:\Users\dvillar\AppData\Local\atom\bin
10 verbose lifecycle protractor-cucumber-gherkin@1.0.0~test: CWD: d:\ProtractorCucumberDemo
11 silly lifecycle protractor-cucumber-gherkin@1.0.0~test: Args: [ '/d /s /c', 'protractor config/config.ts' ]
12 silly lifecycle protractor-cucumber-gherkin@1.0.0~test: Returned: code: 105  signal: null
13 info lifecycle protractor-cucumber-gherkin@1.0.0~test: Failed to exec test script
14 verbose stack Error: protractor-cucumber-gherkin@1.0.0 test: `protractor config/config.ts`
14 verbose stack Exit status 105
14 verbose stack     at EventEmitter.<anonymous> (c:\Program Files\nodejs\node_modules\npm\lib\utils\lifecycle.js:279:16)
14 verbose stack     at emitTwo (events.js:106:13)
14 verbose stack     at EventEmitter.emit (events.js:194:7)
14 verbose stack     at ChildProcess.<anonymous> (c:\Program Files\nodejs\node_modules\npm\lib\utils\spawn.js:40:14)
14 verbose stack     at emitTwo (events.js:106:13)
14 verbose stack     at ChildProcess.emit (events.js:194:7)
14 verbose stack     at maybeClose (internal/child_process.js:899:16)
14 verbose stack     at Process.ChildProcess._handle.onexit (internal/child_process.js:226:5)
15 verbose pkgid protractor-cucumber-gherkin@1.0.0
16 verbose cwd d:\ProtractorCucumberDemo
17 error Windows_NT 10.0.15063
18 error argv "c:\\Program Files\\nodejs\\node.exe" "c:\\Program Files\\nodejs\\node_modules\\npm\\bin\\npm-cli.js" "run" "test"
19 error node v7.7.3
20 error npm  v4.1.2
21 error code ELIFECYCLE
22 error protractor-cucumber-gherkin@1.0.0 test: `protractor config/config.ts`
22 error Exit status 105
23 error Failed at the protractor-cucumber-gherkin@1.0.0 test script 'protractor config/config.ts'.
23 error Make sure you have the latest version of node.js and npm installed.
23 error If you do, this is most likely a problem with the protractor-cucumber-gherkin package,
23 error not with npm itself.
23 error Tell the author that this fails on your system:
23 error     protractor config/config.ts
23 error You can get information on how to open an issue for this project with:
23 error     npm bugs protractor-cucumber-gherkin
23 error Or if that isn't available, you can get their info via:
23 error     npm owner ls protractor-cucumber-gherkin
23 error There is likely additional logging output above.
24 verbose exit [ 1, true ]
